[INFO   ] Logger: Record log in /storage/emulated/0/python /kivy/desoliscious/.kivy/logs/kivy_22-12-02_2.txt
[INFO   ] Kivy: v2.0.0
[INFO   ] Kivy: Installed at "/data/user/0/ru.iiec.pydroid3/files/aarch64-linux-android/lib/python3.9/site-packages/kivy/__init__.py"
[INFO   ] Python: v3.9.7 (default, Oct  6 2021, 01:34:26) 
[GCC 11.1.0]
[INFO   ] Python: Interpreter at "/data/user/0/ru.iiec.pydroid3/files/aarch64-linux-android/bin/python3"
[INFO   ] KivyMD: 0.104.2, git-bc7d1f5, 2021-06-06 (installed at "/data/user/0/ru.iiec.pydroid3/files/aarch64-linux-android/lib/python3.9/site-packages/kivymd/__init__.py")
[INFO   ] Factory: 186 symbols loaded
[INFO   ] Image: Providers: img_tex, img_dds, img_sdl2, img_pil (img_ffpyplayer ignored)
[INFO   ] Text: Provider: sdl2
[INFO   ] Window: Provider: sdl2
[INFO   ] GL: Using the "OpenGL ES 2" graphics system
[INFO   ] GL: Backend used <sdl2>
[INFO   ] GL: OpenGL version <b'OpenGL ES 3.2 V@415.0 (GIT@85037b7, I6e8b82193e, 1576796982) (Date:12/19/19)'>
[INFO   ] GL: OpenGL vendor <b'Qualcomm'>
[INFO   ] GL: OpenGL renderer <b'Adreno (TM) 610'>
[INFO   ] GL: OpenGL parsed version: 3, 2
[INFO   ] GL: Texture max size <16384>
[INFO   ] GL: Texture max units <16>
[INFO   ] Window: auto add sdl2 input provider
[INFO   ] Window: virtual keyboard not allowed, single mode, not docked
[WARNING] stderr: Traceback (most recent call last):
[WARNING] stderr:   File "/data/user/0/ru.iiec.pydroid3/files/aarch64-linux-android/lib/python3.9/site-packages/kivymd/theming.py", line 1126, in __init__
[WARNING] stderr:     App.get_running_app().property("theme_cls", True),
[WARNING] stderr: AttributeError: 'NoneType' object has no attribute 'property'
[WARNING] stderr: 
[WARNING] stderr: During handling of the above exception, another exception occurred:
[WARNING] stderr: 
[WARNING] stderr: Traceback (most recent call last):
[WARNING] stderr:   File "/storage/emulated/0/python /kivy/desoliscious/main.py", line 106, in <module>
[WARNING] stderr:     sm.add_widget(HomePage(name='home'))
[WARNING] stderr:   File "/data/user/0/ru.iiec.pydroid3/files/aarch64-linux-android/lib/python3.9/site-packages/kivy/uix/screenmanager.py", line 997, in add_widget
[WARNING] stderr:     self.current = screen.name
[WARNING] stderr:   File "kivy/properties.pyx", line 498, in kivy.properties.Property.__set__
[WARNING] stderr:   File "kivy/properties.pyx", line 545, in kivy.properties.Property.set
[WARNING] stderr:   File "kivy/properties.pyx", line 600, in kivy.properties.Property.dispatch
[WARNING] stderr:   File "kivy/_event.pyx", line 1248, in kivy._event.EventObservers.dispatch
[WARNING] stderr:   File "kivy/_event.pyx", line 1154, in kivy._event.EventObservers._dispatch
[WARNING] stderr:   File "/data/user/0/ru.iiec.pydroid3/files/aarch64-linux-android/lib/python3.9/site-packages/kivy/uix/screenmanager.py", line 1062, in on_current
[WARNING] stderr:     screen.dispatch('on_enter')
[WARNING] stderr:   File "kivy/_event.pyx", line 709, in kivy._event.EventDispatcher.dispatch
[WARNING] stderr:   File "/storage/emulated/0/python /kivy/desoliscious/main.py", line 52, in on_enter
[WARNING] stderr:     self.list_stories()
[WARNING] stderr:   File "/storage/emulated/0/python /kivy/desoliscious/main.py", line 59, in list_stories
[WARNING] stderr:     toast(str(price))
[WARNING] stderr:   File "/data/user/0/ru.iiec.pydroid3/files/aarch64-linux-android/lib/python3.9/site-packages/kivymd/toast/kivytoast/kivytoast.py", line 133, in toast
[WARNING] stderr:     Toast(duration=duration, _md_bg_color=background).toast(text)
[WARNING] stderr:   File "/data/user/0/ru.iiec.pydroid3/files/aarch64-linux-android/lib/python3.9/site-packages/kivymd/toast/kivytoast/kivytoast.py", line 82, in __init__
[WARNING] stderr:     super().__init__(**kwargs)
[WARNING] stderr:   File "/data/user/0/ru.iiec.pydroid3/files/aarch64-linux-android/lib/python3.9/site-packages/kivymd/theming.py", line 1134, in __init__
[WARNING] stderr:     raise ValueError(
[WARNING] stderr: ValueError: KivyMD: App object must be initialized before loading root widget. See https://github.com/kivymd/KivyMD/wiki/Modules-Material-App#exceptions
